<?xml version="1.0" encoding="utf-8"?>

<data updateTime="2013-09-10 15:06:53">
	<ownCodes> 
		<ownCode recordStatus="EXIST" name="儿童 | Child" id="02c7d91e38fe40a7ab93d20c85c368c4" orderNumber="-6" ckey="ertong_child"/> 
		<ownCode recordStatus="EXIST" name="礼品 | Gift" id="05e549de2f894b35b5e85b50064918b2" orderNumber="-4" ckey="lipin_gift"/>
		<ownCode recordStatus="EXIST" name="运动 | Sports" id="08522e6d6e61405488078f0febad269d" orderNumber="2" ckey="yundong_sports"/>
		<ownCode recordStatus="EXIST" name="电子 | Electron" id="6cfa99a87e274bfab5de9d5c80de3959" orderNumber="-1" ckey="dianzi_electron"/>
		<ownCode recordStatus="EXIST" name="教育 | Education" id="74e8db55730a4434a346eecdbb3a0c97" orderNumber="6" ckey="jiaoyu_education"/>
	 	<ownCode recordStatus="EXIST" name="健身保健 | Heath" id="8d11ff1c682b4b94af243166225ee4b9" orderNumber="4" ckey="jianshenbaojian_heath"/>
		<ownCode recordStatus="EXIST" name="黄金珠宝 | Gold jewelry" id="a44103a02aa24404b14515953b973400" orderNumber="-10" ckey="huangjinzhubao_gold_jewelry"/>
	 	<ownCode recordStatus="EXIST" name="女装 | Women" id="a7f607714aa6447e83e8953e9f4cc0bc" orderNumber="-10" ckey="nuzhuang_women"/>
	 	<ownCode recordStatus="EXIST" name="家居 | Home" id="af8458f380234ed3bd0b06ccfa25f7a2" orderNumber="1" ckey="jiaju_home"/>
		<ownCode recordStatus="EXIST" name="美容美发 | Beauty" id="cf4778bf1b164dbdb6e0c71217463f2d" orderNumber="7" ckey="meirongmeifa_beauty"/> 
		<ownCode recordStatus="EXIST" name="化妆品 | Cosmetic" id="e727e6055ac049ba868cb1f036699bff" orderNumber="-8" ckey="huazhuangpin_cosmetic"/> 
		<ownCode recordStatus="EXIST" name="箱包 | Bag" id="eb204f5fa86c4e99b46da9a2ef705a33" orderNumber="0" ckey="xiangbao_bag"/> 
		<ownCode recordStatus="EXIST" name="办公用品 | Study" id="f0268cf2072d435a9936ac531be749f0" orderNumber="-2" ckey="bangongyongpin_study"/>
		<ownCode recordStatus="EXIST" name="男装 | Men" id="f6c73e760d894e629ffe11d5f07c06a5" orderNumber="-9" ckey="nanzhuang_men"/>
		<ownCode recordStatus="EXIST" name="其它 | Other" id="f6c73e760d894e629ffe11d5f07c06a6" orderNumber="-20" ckey="other"/>
 	</ownCodes>
 	<brands>
	    <brand id="82e8b27c5aa047978ca6ff8e55c37e74" brandName="佳丽斯" brandCode="JIALISI" brandDescription="" brandImageUrl="http://modern-plaza.fantasee.cn/mserver/2012/11/20120903-f2a7603b13694d81ac1fd5a9679cc5b1----src.png" brandBigImageUrl="http://modern-plaza.fantasee.cn/mserver/2012/11/20120903-8d70a5c5ad26417fa1a42df5c530196a----src.png" brandSpell="J" ownCode="other" recordStatus="EXIST"/>
	    <brand id="6377e6f5bcbc47488d7c9e31e6b61805" brandName="贝亲" brandCode="BEIQIN" brandDescription="" brandImageUrl="http://modern-plaza.fantasee.cn/mserver/2013/01/small_logo_3d75c0213ce6986c2314e102cf6a8f46.jpg" brandBigImageUrl="http://modern-plaza.fantasee.cn/mserver/2013/01/large_logo_5122d632d8f01e8f345b3ad32d257a15.jpg" brandSpell="B" ownCode="other" recordStatus="EXIST"/>
	    <brand id="aa640359dd80476d9c8245a0e8495b83" brandName="卡丹狄诺" brandCode="KADANDINUO" brandDescription="卡丹狄诺男装秉承法国经典设计风格，汇集国际知名设计师的精华，简约流畅，舒适考究，精良严谨的工艺，处处透射出其顶级风范。" brandImageUrl="http://modern-plaza.fantasee.cn/mserver/2012/12/small_logo_7c60f015826cc6144e76e9ae6cb66cb6.jpg" brandBigImageUrl="http://modern-plaza.fantasee.cn/mserver/2012/12/large_logo_01bee26ae18a1923cdf6dbbcf7aee868.jpg" brandSpell="K" ownCode="other" recordStatus="EXIST"/>
	    <brand id="0bba845254914a2cb1cdd364d7e3a2fc" brandName="COACH" brandCode="COACH" brandDescription="美国著名皮革制品奢饰品品牌，一向以简洁、耐用的风格特色赢得消费者的喜爱。" brandImageUrl="http://modern-plaza.fantasee.cn/mserver/2012/11/20121108-0176d1725d8340c9a5a85efb86f6ed81----src.jpg" brandBigImageUrl="http://modern-plaza.fantasee.cn/mserver/2012/11/20121108-637954ceeafa416da03ac658ee0cfb7d----src.jpg" brandSpell="C" ownCode="other" recordStatus="EXIST"/>
	    <brand id="ac817f9b65174210895e1fe31d6257cd" brandName="恐龙" brandCode="KONGLONG" brandDescription="" brandImageUrl="http://modern-plaza.fantasee.cn/mserver/2013/01/small_logo_6d23fb971559d7ac3abce102a256fd1d.jpg" brandBigImageUrl="http://modern-plaza.fantasee.cn/mserver/2013/01/large_logo_eacbfaece209eca0747f3f6e63aeca8a.jpg" brandSpell="K" ownCode="other" recordStatus="EXIST"/>
	    <brand id="bb2d4adba6ea4051ad5a6a8b833d1201" brandName="诺帝卡" brandCode="NUODIKA" brandDescription="全新演绎了现代美式经典。设计理念突出了功效和细节上的尽善尽美，以一系列富有现代气味的经典设计勾画出活气十足、锐不可挡的现代生涯方法" brandImageUrl="http://modern-plaza.fantasee.cn/mserver/2012/11/20121102-73ec28bcf010414c8b0ec1f8445c02aa----src.jpg" brandBigImageUrl="http://modern-plaza.fantasee.cn/mserver/2012/11/20121102-d699f7aa1b77468e9f95c1a3c13aee39----src.jpg" brandSpell="N" ownCode="other" recordStatus="EXIST"/>
	    <brand id="b3bd7d6b05be42b4a8a63c5f4f4050fd" brandName="多样屋" brandCode="DUOYANGWU" brandDescription="" brandImageUrl="http://modern-plaza.fantasee.cn/mserver/2012/11/20120903-5c656c4fe302465b9d1cf8d3d0d694b6----src.png" brandBigImageUrl="http://modern-plaza.fantasee.cn/mserver/2012/11/20120903-d62176bf042f4f77873327a6fce93641----src.png" brandSpell="D" ownCode="other" recordStatus="EXIST"/>
	    <brand id="c29a7d38a92c4422ac02b3a5addaf6cc" brandName="卡迪娜" brandCode="KADINA" brandDescription="卡迪娜—KADINA，始终走在流行趋势的前端触摸并捕捉时尚，引领欧洲流行之风，注重实用性与艺术性的完美结合，为您带来别样精彩的摩登魅力。" brandImageUrl="http://modern-plaza.fantasee.cn/mserver/2012/12/small_logo_5b63885fc6dfa9952348f7f8bdcc112a.jpg" brandBigImageUrl="http://modern-plaza.fantasee.cn/mserver/2012/12/large_logo_69b0536f9da28a41e3c711c1c0ac29bd.jpg" brandSpell="K" ownCode="other" recordStatus="EXIST"/>
	    <brand id="b1bf6ea7399b439396de2e98ad1e7df4" brandName="米皇" brandCode="MIHUANG" brandDescription="高贵的品质" brandImageUrl="http://modern-plaza.fantasee.cn/mserver/2012/12/small_logo_5324ae6014e940ba39b5346d4b031ece.jpg" brandBigImageUrl="http://modern-plaza.fantasee.cn/mserver/2012/12/large_logo_85ab812daf2c4cd001d06d09d5a3d12a.jpg" brandSpell="M" ownCode="other" recordStatus="EXIST"/>
	    <brand id="eea4188362b24a1299c3845e53ad1d89" brandName="迪赛" brandCode="DISAI" brandDescription="来自西班牙的著名男装品牌，从面料选取，色彩搭配，无不秉承了简约流畅，舒适考究，个性时尚的风格。" brandImageUrl="http://modern-plaza.fantasee.cn/mserver/2012/11/20121102-ed959c51094341918e38d3de6b48c89d----src.jpg" brandBigImageUrl="http://modern-plaza.fantasee.cn/mserver/2012/11/20121102-f36344f5afc042748a6034772e6c8b1c----src.jpg" brandSpell="D" ownCode="other" recordStatus="EXIST"/>
	    <brand id="5ddea8c5236c40818e6f5fe60afb44c3" brandName="欧舒丹" brandCode="OUSHUDAN" brandDescription="欧舒丹1976年诞生于法国普罗旺斯，始终秉承着舒适愉悦，真是纯净，安全有效的理念！从头到脚的产品，让你享受来自普罗旺斯最纯朴的享受！" brandImageUrl="http://modern-plaza.fantasee.cn/mserver/2012/11/20121108-1813539b59084bf5bafbe96368e492b6----src.jpg" brandBigImageUrl="http://modern-plaza.fantasee.cn/mserver/2012/11/20121108-8af125ab81bf4fa3a4febeb57cdbee89----src.jpg" brandSpell="O" ownCode="other" recordStatus="EXIST"/>
	    <brand id="2586bb28-56d6-11e2-b3ea-3761401cccad" brandName="正官庄" brandCode="ZHENGGUANZHUANG" brandDescription="正官庄，是一个韩国高丽参的品牌老字号，从1899年创立人参专卖以来，已经有111年的历史，曾经历专卖厅、韩国烟草人参公社、韩烟人参股份等的时代。正官庄的前身就是韩国人参公社，于1899年由朝鲜王国政府所创立，是韩国的国营企业，为专门掌管高丽参制造及输出的官方机构。所出产的「正官庄高丽参」更是由大韩民国政府直接监制，其品质受到国际的认可与信赖。以「正直的企业」,「清醒的企业」,「共存的企业 」为理念的韩国人参公社，除将珍惜及维护「世界人参宗主企业」的传统 和名誉外，也将持续为人类的健康幸福而努力，致力成为世界一流的综合健康企业。" brandImageUrl="http://modern-plaza.fantasee.cn/mserver/2013/01/small_logo_0dad4681c3310d75535639758cac8506.jpg" brandBigImageUrl="" brandSpell="Z" ownCode="shipinbaojian_foodhealth" recordStatus="EXIST"/>
	    <brand id="b1d57d50-3eb5-11e2-9b57-e50259b993b6" brandName="乐比特" brandCode="LEBITE" brandDescription="" brandImageUrl="http://modern-plaza.fantasee.cn/mserver/2012/12/small_logo_2cae3e13d5cd5f54b43b027551fc5701.jpg" brandBigImageUrl="http://modern-plaza.fantasee.cn/mserver/2012/12/large_logo_cb8ffb8a8438cc72570be6ae50d15365.jpg" brandSpell="L" ownCode="other" recordStatus="EXIST"/>
	    <brand id="99fc3706fb5c4fe2893318b0fd25a9f2" brandName="西铁城" brandCode="XITIECHENG" brandDescription="伟大的革新，来自于强大的意志力！" brandImageUrl="http://modern-plaza.fantasee.cn/mserver/2012/11/20121105-565febcf4ff24c8494724241c44a1cb8----src.jpg" brandBigImageUrl="http://modern-plaza.fantasee.cn/mserver/2012/11/20121105-34920cd9dc724cddae927098bf662847----src.jpg" brandSpell="X" ownCode="other" recordStatus="EXIST"/>
	    <brand id="9f280790ac804ecc9dcb68498281dfb1" brandName="BOSS" brandCode="BOSS" brandDescription="" brandImageUrl="http://modern-plaza.fantasee.cn/mserver/2012/12/small_logo_ecb06ac6264fc6bfb8e3e0f7cd03705b.jpg" brandBigImageUrl="http://modern-plaza.fantasee.cn/mserver/2012/12/large_logo_e66f48c5df9baba7778fd8807b022d41.jpg" brandSpell="B" ownCode="other" recordStatus="EXIST"/>
	    <brand id="26247986d54649079b4b34ffa9267fc7" brandName="银辉玩具" brandCode="YINHUIWANJU" brandDescription="银辉创立于1977年，主要销售遥控车，产品畅销世界各地，已发展成为一家具有规模的国际性玩具公司，目标展望未来，加强拓展市场" brandImageUrl="http://modern-plaza.fantasee.cn/mserver/2012/11/20121109-ae6bdb6ad39c451ca785d0272fa9929a----src.jpg" brandBigImageUrl="http://modern-plaza.fantasee.cn/mserver/2012/11/20121109-1e9f3461713a4d7b9b612663021c1c92----src.jpg" brandSpell="Y" ownCode="other" recordStatus="EXIST"/>
	    <brand id="7d54e6b5e75e452089b51fb39055e412" brandName="玫而美" brandCode="MEIERMEI" brandDescription="“玫而美”品牌女装在设计上融合东方文化的含蓄典雅和西方流行的简单舒适，以精美的设计、超前的理念、良好的做工赢得了市场的认可。设计独特、线条流畅、做工考究、穿着舒适，深受各阶层女性的青睐" brandImageUrl="http://modern-plaza.fantasee.cn/mserver/2013/01/small_logo_f5031c4c3e58a8177ed978d3f12da952.jpg" brandBigImageUrl="http://modern-plaza.fantasee.cn/mserver/2013/01/large_logo_50f2828cfbd4d727c3ec610641f32562.jpg" brandSpell="M" ownCode="other" recordStatus="EXIST"/>
	    <brand id="b9dae29869054edba7b99d42854bc268" brandName="帕佳图" brandCode="PAJIATU" brandDescription="La Pagayo源于鲜花之国—欧洲荷兰的著名休闲时尚品牌" brandImageUrl="http://modern-plaza.fantasee.cn/mserver/2012/11/20121105-20c742a8a43944b2be582d5ef7faa995----src.jpg" brandBigImageUrl="http://modern-plaza.fantasee.cn/mserver/2012/12/large_logo_7cf25bbf8d33d430344c5ac674316318.jpg" brandSpell="P" ownCode="other" recordStatus="EXIST"/>
	    <brand id="9434416ab82a4db0b878188af0c65b51" brandName="老人头" brandCode="LAORENTOU" brandDescription="" brandImageUrl="http://modern-plaza.fantasee.cn/mserver/2013/01/small_logo_bd00ac604e20e3366dd5dacd246f232d.jpg" brandBigImageUrl="http://modern-plaza.fantasee.cn/mserver/2013/01/large_logo_6dc286e4e93fac6ed62c15e90e51d951.jpg" brandSpell="L" ownCode="other" recordStatus="EXIST"/>
	    <brand id="e540e322d86e4b6bb48fef7b66a41835" brandName="爵士丹尼" brandCode="JUESHIDANNI" brandDescription="爵士丹尼树立了自己的品牌，推出了一系列典雅考究的男式商务装以及精致皮具，赢得了成功人士一致推崇。" brandImageUrl="http://modern-plaza.fantasee.cn/mserver/2012/11/20121102-627e3f5bc35c445b81b438cc988291dc----src.jpg" brandBigImageUrl="http://modern-plaza.fantasee.cn/mserver/2012/11/20121102-a95b58676e154a1d8647da6cc4b40526----src.jpg" brandSpell="J" ownCode="other" recordStatus="EXIST"/>
	    <brand id="00b2270baf914377b9c360f0143a0e04" brandName="唯弋" brandCode="WEIYI" brandDescription="" brandImageUrl="http://modern-plaza.fantasee.cn/mserver/2013/01/small_logo_36433b863883d4e11ad5b9a4160eaf19.jpg" brandBigImageUrl="http://modern-plaza.fantasee.cn/mserver/2013/01/large_logo_bc7980b05812990bb64502b94ecf5b95.jpg" brandSpell="W" ownCode="other" recordStatus="EXIST"/>
	    <brand id="0d7851c44dee4f38bab353e91610a729" brandName="内野" brandCode="NEIYE" brandDescription="上海内野毛巾有限公司是一家拥有从纺纱、织造、印花、绣花、纺织到缝制一条龙生产线的专业公司。" brandImageUrl="http://modern-plaza.fantasee.cn/mserver/2012/11/20121105-9df88e3e3c3e4aecb17585b3096889a8----src.jpg" brandBigImageUrl="http://modern-plaza.fantasee.cn/mserver/2012/11/20121105-4ad2e7a4b9914c3580c0fa126059a6ee----src.jpg" brandSpell="N" ownCode="other" recordStatus="EXIST"/>
	    <brand id="ce0777c057294afbbeca606f0b44b90f" brandName="梅花" brandCode="MEIHUA" brandDescription="" brandImageUrl="http://modern-plaza.fantasee.cn/mserver/2013/01/small_logo_d8f8b3ebe38783c1e067c820eca4738b.jpg" brandBigImageUrl="http://modern-plaza.fantasee.cn/mserver/2013/01/large_logo_94f256b2dda741e797dbfa055274eb60.jpg" brandSpell="M" ownCode="other" recordStatus="EXIST"/>
	    <brand id="46528d4cf5e34f9981166a6ed4094d02" brandName="美宝莲" brandCode="MEIBAOLIAN" brandDescription="世界90多个国家及城市中，美宝莲纽约已经成为第一个针对女性生产化妆及护肤品的公司。" brandImageUrl="http://modern-plaza.fantasee.cn/mserver/2013/01/small_logo_5d90275eb90cadd251e6041c02ffe708.jpg" brandBigImageUrl="http://modern-plaza.fantasee.cn/mserver/2013/01/large_logo_c7a6af47fbd2a9de43fd2b5183a5aa60.jpg" brandSpell="M" ownCode="other" recordStatus="EXIST"/>
	    <brand id="62533988edc84f7696fdcbc69c4cdb76" brandName="X-MOOM" brandCode="XMOOM" brandDescription="X-MOOM，X象征着未知和未来，MOOM则象征月亮，在多维的空间中恬静与神秘，不同的视觉便有不同的感应，如同每个独特的女性，她们个性求真，对服装的领会更注重个人的彰显。" brandImageUrl="http://modern-plaza.fantasee.cn/mserver/2013/01/small_logo_849d5fdd8ab6d33fa2f49ea4dc0985bb.jpg" brandBigImageUrl="http://modern-plaza.fantasee.cn/mserver/2013/01/large_logo_1bb8a06e39eeeb6bc465fe44096c5d26.jpg" brandSpell="X" ownCode="other" recordStatus="EXIST"/>
	    <brand id="cd4c0df939c24e4eb00e67a3a14f02c5" brandName="香奈儿" brandCode="XIANGNAIER" brandDescription="香奈儿创始人Gabrielle Chanel于1913年在法国巴黎创立香奈儿品牌，公司秉承创始人的创新精神，创造永恒经典象征，一如香奈儿女士所言：“流行稍纵即逝，风格永存”。" brandImageUrl="http://modern-plaza.fantasee.cn/mserver/2012/11/20120903-d429fa5d1f3e48b9ada91635b70d3d4b----src.png" brandBigImageUrl="http://modern-plaza.fantasee.cn/mserver/2012/11/20120903-893947191df14a5fb38c83111541663b----src.png" brandSpell="X" ownCode="other" recordStatus="EXIST"/>
	    <brand id="12bdf3f138444f168b03329ee2d005a1" brandName="CAT" brandCode="CAT" brandDescription="" brandImageUrl="http://modern-plaza.fantasee.cn/mserver/2012/12/small_logo_38ac0cb555b860dc96185ed9445133aa.jpg" brandBigImageUrl="http://modern-plaza.fantasee.cn/mserver/2012/12/large_logo_4e3ae7de6ab2f20da2f4d2fbcd8e0ba3.jpg" brandSpell="C" ownCode="other" recordStatus="EXIST"/>
	    <brand id="14d60d1345a14b70baac80542221898c" brandName="CARA" brandCode="CARA" brandDescription="CARA卡拉来自于韩国的高级女装，其风格简约，追求干练和理性，体现了现在白领女性追求单纯和个性化的要求。" brandImageUrl="http://modern-plaza.fantasee.cn/mserver/2012/11/20121101-5ef9b55235f34a79aaab4aa68c1ecde8----src.jpg" brandBigImageUrl="http://modern-plaza.fantasee.cn/mserver/2012/11/20121101-92d17541f222458cbd3b559426a2f711----src.jpg" brandSpell="C" ownCode="other" recordStatus="EXIST"/>
	    <brand id="921a5d7b829e4e2bbeefa1d23c284ab2" brandName="芙儿优" brandCode="FUERYOU" brandDescription="" brandImageUrl="http://modern-plaza.fantasee.cn/mserver/2012/11/20120903-34caa593bfd24dddb160fb71e10474e5----src.png" brandBigImageUrl="http://modern-plaza.fantasee.cn/mserver/2012/11/20120903-d4d744039492462d8f19a34784a5a64b----src.png" brandSpell="F" ownCode="other" recordStatus="EXIST"/>
	    <brand id="9e511f2d073d4761b98e9ea1225a9b81" brandName="HONEYS" brandCode="HONEYS" brandDescription="HONEYS" brandImageUrl="http://modern-plaza.fantasee.cn/mserver/2012/11/20121109-f9277a27bbd6410988ee693fd45a8460----src.jpg" brandBigImageUrl="http://modern-plaza.fantasee.cn/mserver/2012/11/20121109-47b4a639cb4c4af6bdca7e66e2e6990e----src.jpg" brandSpell="H" ownCode="other" recordStatus="EXIST"/>
	    <brand id="597067e9675c4fddb9be38665727347d" brandName="君帛" brandCode="JUNBO" brandDescription="君帛起源于英国，于2002年的上海君帛服饰研发有限公司从英国引进，所选面料质地细致，加入时尚元素，流行色系紧随流行趋势变化，简洁之中富于变化，完美的线条，合理的细节点缀与修饰，不经意流露不凡气质。" brandImageUrl="http://modern-plaza.fantasee.cn/mserver/2012/11/20121108-dbac486aa44d4637b2e60f9010533f42----src.jpg" brandBigImageUrl="http://modern-plaza.fantasee.cn/mserver/2012/11/20121108-58875bb01c1c4bbeab35b7ad3fe051d9----src.jpg" brandSpell="J" ownCode="other" recordStatus="EXIST"/>
	    <brand id="af509202709b4d4db021d71529803946" brandName="Kiss Kitty" brandCode="KISSKITTY" brandDescription="Kiss Kitty，Kitty是以意大利节日之一的“猫节”和“意大利猫城”为灵感源泉，寓意一只时尚前卫的意大利小猫，KISSKITTY于2011年来到了中国将欧洲的时尚基因移植入中国年轻女性市场，让都市年轻女性跟随KISSKITTY的猫步走在摩登时尚的前沿，一起共享零国界的潮流物质营养，零时差的时尚精神信仰。" brandImageUrl="http://modern-plaza.fantasee.cn/mserver/2012/11/20121109-e63c4db95f5d4bbbb799512b64693e13----src.jpg" brandBigImageUrl="http://modern-plaza.fantasee.cn/mserver/2012/11/20121109-32056358c1494ecca9a4294ad7ca706a----src.jpg" brandSpell="K" ownCode="other" recordStatus="EXIST"/>
	    <brand id="425d8208adda45a0ba99aa1b0861c9b9" brandName="娇韵诗" brandCode="JIAOYUNSHI" brandDescription="娇韵诗， 1954年3月在巴黎创立，率先提出植物护肤美体的理念。从坚持使用植物精华到开创独特按摩手法，全因植物，你能看见美丽萌芽。" brandImageUrl="http://modern-plaza.fantasee.cn/mserver/2012/11/20121108-09eb9cc76a614ba288a432f927ff164d----src.jpg" brandBigImageUrl="http://modern-plaza.fantasee.cn/mserver/2012/11/20121108-e902a61e56fd45058b70437dbc170fa8----src.jpg" brandSpell="J" ownCode="other" recordStatus="EXIST"/>
	    <brand id="2979530c69474bf1807f854012e76a8a" brandName="凯乐石" brandCode="KAILESHI" brandDescription="2003年以品牌授权的方式进入亚洲市场，产品线覆盖服装、背包、睡袋、帐篷、攀登器械、鞋子等系列。" brandImageUrl="http://modern-plaza.fantasee.cn/mserver/2012/11/20121102-6e52ed1753be496f81adf2915bc9413a----src.jpg" brandBigImageUrl="http://modern-plaza.fantasee.cn/mserver/2012/11/20121102-40e248b23cfb4ba0aa3230924a94f2ce----src.jpg" brandSpell="K" ownCode="other" recordStatus="EXIST"/>
	    <brand id="6c395271d427407bb7c7d64d00e6e5b7" brandName="诺琪" brandCode="NUOQI" brandDescription="诺琪是拥有面料开发，产品设计、生产及销售为一线的法国诺琪服饰有限公司，旗下的诺琪品牌女装，携法国的浪漫气息，融合中西方文化于一身，是欧洲流行与时尚与中国传统文化的完美结合。" brandImageUrl="http://modern-plaza.fantasee.cn/mserver/2013/01/small_logo_cf83179b808e0b5be45847d1c66e829c.jpg" brandBigImageUrl="http://modern-plaza.fantasee.cn/mserver/2013/01/large_logo_47be8b39de57f95bbade89ffe8254661.jpg" brandSpell="N" ownCode="other" recordStatus="EXIST"/>
	    <brand id="fa373be4426a4e23a2efa07b75f0ebe0" brandName="嘉媚乐" brandCode="JIAMEILE" brandDescription="源自一个追求精致生活的家族" brandImageUrl="http://modern-plaza.fantasee.cn/mserver/2012/11/20121105-6ca68c67516548d7a39906df13149f7c----src.jpg" brandBigImageUrl="http://modern-plaza.fantasee.cn/mserver/2012/12/large_logo_abe806a28d8b28c70c0d0e018f9831c0.jpg" brandSpell="J" ownCode="other" recordStatus="EXIST"/>
	    <brand id="1c336c0a91d2429eb008ce424f301d38" brandName="戴梦得" brandCode="DAIMENGDE" brandDescription="中国珠宝质量唯一上榜品牌，以销售珠宝饰品、传播珠宝文化，引导人们对美的追求，其理念是“我的钻石，我的梦想”" brandImageUrl="http://modern-plaza.fantasee.cn/mserver/2012/11/20121105-195c8840a9124d7a92afc03112bb1a00----src.jpg" brandBigImageUrl="http://modern-plaza.fantasee.cn/mserver/2012/11/20121105-24c49967fd6e4df9a2da773f7c1a9bc0----src.jpg" brandSpell="D" ownCode="other" recordStatus="EXIST"/>
	    <brand id="ecad3529bb8a4f1784c3071db41695fe" brandName="皇冠" brandCode="HUANGGUAN" brandDescription="皇冠1952年诞生于台湾，经历了半个世纪的陶冶淬炼，在精工制造的基础上，追求完美细节，其一流的设备，严格的质量检测及全球服务支持的质量保证，使其已成为享誉世界的国际知名品牌。    美好的旅程从皇冠箱包开始，箱伴人生，包容世界" brandImageUrl="http://modern-plaza.fantasee.cn/mserver/2012/11/20121031-cc88691b23a043e09df837c3010439b2----src.jpg" brandBigImageUrl="http://modern-plaza.fantasee.cn/mserver/2012/11/20121031-49a0e51145b041059a78bb7c062ceff5----src.jpg" brandSpell="H" ownCode="other" recordStatus="EXIST"/>
	    <brand id="df2178369485482a8252b0c8d1e185e4" brandName="爱步" brandCode="AIBU" brandDescription="丹麦品牌ECCO是世界四大休闲鞋品牌之一，是为顾客设计及制造最舒适的上班休闲及喜庆节日穿著的鞋类产品" brandImageUrl="http://modern-plaza.fantasee.cn/mserver/2012/11/20121105-033277acb6b14c89b88ff06e671c75df----src.jpg" brandBigImageUrl="http://modern-plaza.fantasee.cn/mserver/2012/11/20121105-816da524131f42f798968f5a03ba0ae8----src.jpg" brandSpell="A" ownCode="other" recordStatus="EXIST"/>
	  </brands>
</data>
